\BOOKMARK [0][-]{chapter.1}{\376\377\0001\000\040\000I\000n\000d\000e\000x}{}% 1
\BOOKMARK [0][-]{chapter.2}{\376\377\0002\000\040\000O\000v\000e\000r\000v\000i\000e\000w}{}% 2
\BOOKMARK [0][-]{chapter.3}{\376\377\0003\000\040\000U\000n\000d\000e\000r\000s\000t\000a\000n\000d\000i\000n\000g\000\040\000t\000h\000e\000\040\000c\000o\000n\000c\000e\000p\000t\000\040\000o\000f\000\040\000g\000r\000i\000d\000s}{}% 3
\BOOKMARK [0][-]{chapter.4}{\376\377\0004\000\040\000A\000b\000s\000t\000r\000a\000c\000t\000\040\000G\000r\000i\000d\000s}{}% 4
\BOOKMARK [0][-]{chapter.5}{\376\377\0005\000\040\000R\000e\000c\000t\000a\000n\000g\000u\000l\000a\000r\000\040\000G\000r\000i\000d\000s}{}% 5
\BOOKMARK [0][-]{chapter.6}{\376\377\0006\000\040\000H\000e\000x\000a\000g\000o\000n\000a\000l\000\040\000g\000r\000i\000d\000s}{}% 6
\BOOKMARK [0][-]{chapter.7}{\376\377\0007\000\040\000P\000o\000l\000a\000r\000\040\000g\000r\000i\000d\000s}{}% 7
\BOOKMARK [0][-]{chapter.8}{\376\377\0008\000\040\000R\000e\000n\000d\000e\000r\000i\000n\000g\000\040\000a\000n\000d\000\040\000d\000r\000a\000w\000i\000n\000g\000\040\000a\000\040\000G\000r\000i\000d}{}% 8
\BOOKMARK [0][-]{chapter.9}{\376\377\0009\000\040\000G\000e\000t\000t\000i\000n\000g\000\040\000S\000t\000a\000r\000t\000e\000d}{}% 9
\BOOKMARK [0][-]{chapter.10}{\376\377\0001\0000\000\040\000E\000v\000e\000n\000t\000s}{}% 10
\BOOKMARK [0][-]{chapter.11}{\376\377\0001\0001\000\040\000E\000x\000t\000e\000n\000d\000i\000n\000g\000\040\000G\000r\000i\000d\000\040\000F\000r\000a\000m\000e\000w\000o\000r\000k}{}% 11
\BOOKMARK [0][-]{chapter.12}{\376\377\0001\0002\000\040\000D\000e\000b\000u\000g\000g\000i\000n\000g\000\040\000a\000\040\000g\000r\000i\000d}{}% 12
\BOOKMARK [0][-]{chapter.13}{\376\377\0001\0003\000\040\000L\000e\000g\000a\000c\000y\000\040\000S\000u\000p\000p\000o\000r\000t}{}% 13
\BOOKMARK [0][-]{chapter.14}{\376\377\0001\0004\000\040\000P\000l\000a\000y\000m\000a\000k\000e\000r\000\040\000s\000u\000p\000p\000o\000r\000t}{}% 14
\BOOKMARK [0][-]{chapter.15}{\376\377\0001\0005\000\040\000C\000h\000a\000n\000g\000e\000l\000o\000g}{}% 15
\BOOKMARK [0][-]{chapter.16}{\376\377\0001\0006\000\040\000N\000a\000m\000e\000s\000p\000a\000c\000e\000\040\000I\000n\000d\000e\000x}{}% 16
\BOOKMARK [1][-]{section.16.1}{\376\377\0001\0006\000.\0001\000\040\000P\000a\000c\000k\000a\000g\000e\000s}{chapter.16}% 17
\BOOKMARK [0][-]{chapter.17}{\376\377\0001\0007\000\040\000H\000i\000e\000r\000a\000r\000c\000h\000i\000c\000a\000l\000\040\000I\000n\000d\000e\000x}{}% 18
\BOOKMARK [1][-]{section.17.1}{\376\377\0001\0007\000.\0001\000\040\000C\000l\000a\000s\000s\000\040\000H\000i\000e\000r\000a\000r\000c\000h\000y}{chapter.17}% 19
\BOOKMARK [0][-]{chapter.18}{\376\377\0001\0008\000\040\000C\000l\000a\000s\000s\000\040\000I\000n\000d\000e\000x}{}% 20
\BOOKMARK [1][-]{section.18.1}{\376\377\0001\0008\000.\0001\000\040\000C\000l\000a\000s\000s\000\040\000L\000i\000s\000t}{chapter.18}% 21
\BOOKMARK [0][-]{chapter.19}{\376\377\0001\0009\000\040\000N\000a\000m\000e\000s\000p\000a\000c\000e\000\040\000D\000o\000c\000u\000m\000e\000n\000t\000a\000t\000i\000o\000n}{}% 22
\BOOKMARK [1][-]{section.19.1}{\376\377\0001\0009\000.\0001\000\040\000P\000a\000c\000k\000a\000g\000e\000\040\000G\000r\000i\000d\000F\000r\000a\000m\000e\000w\000o\000r\000k}{chapter.19}% 23
\BOOKMARK [2][-]{subsection.19.1.1}{\376\377\0001\0009\000.\0001\000.\0001\000\040\000E\000n\000u\000m\000e\000r\000a\000t\000i\000o\000n\000\040\000T\000y\000p\000e\000\040\000D\000o\000c\000u\000m\000e\000n\000t\000a\000t\000i\000o\000n}{section.19.1}% 24
\BOOKMARK [3][-]{subsubsection.19.1.1.1}{\376\377\0001\0009\000.\0001\000.\0001\000.\0001\000\040\000A\000n\000g\000l\000e\000M\000o\000d\000e}{subsection.19.1.1}% 25
\BOOKMARK [3][-]{subsubsection.19.1.1.2}{\376\377\0001\0009\000.\0001\000.\0001\000.\0002\000\040\000G\000r\000i\000d\000P\000l\000a\000n\000e}{subsection.19.1.1}% 26
\BOOKMARK [1][-]{section.19.2}{\376\377\0001\0009\000.\0002\000\040\000P\000a\000c\000k\000a\000g\000e\000\040\000G\000r\000i\000d\000F\000r\000a\000m\000e\000w\000o\000r\000k\000.\000V\000e\000c\000t\000o\000r\000s}{chapter.19}% 27
\BOOKMARK [2][-]{subsection.19.2.1}{\376\377\0001\0009\000.\0002\000.\0001\000\040\000E\000n\000u\000m\000e\000r\000a\000t\000i\000o\000n\000\040\000T\000y\000p\000e\000\040\000D\000o\000c\000u\000m\000e\000n\000t\000a\000t\000i\000o\000n}{section.19.2}% 28
\BOOKMARK [3][-]{subsubsection.19.2.1.1}{\376\377\0001\0009\000.\0002\000.\0001\000.\0001\000\040\000A\000x\000i\000s}{subsection.19.2.1}% 29
\BOOKMARK [3][-]{subsubsection.19.2.1.2}{\376\377\0001\0009\000.\0002\000.\0001\000.\0002\000\040\000A\000x\000i\000s\0002}{subsection.19.2.1}% 30
\BOOKMARK [0][-]{chapter.20}{\376\377\0002\0000\000\040\000C\000l\000a\000s\000s\000\040\000D\000o\000c\000u\000m\000e\000n\000t\000a\000t\000i\000o\000n}{}% 31
\BOOKMARK [1][-]{section.20.1}{\376\377\0002\0000\000.\0001\000\040\000G\000r\000i\000d\000F\000r\000a\000m\000e\000w\000o\000r\000k\000.\000V\000e\000c\000t\000o\000r\000s\000.\000B\000o\000o\000l\000V\000e\000c\000t\000o\000r\0003\000\040\000C\000l\000a\000s\000s\000\040\000R\000e\000f\000e\000r\000e\000n\000c\000e}{chapter.20}% 32
\BOOKMARK [2][-]{subsection.20.1.1}{\376\377\0002\0000\000.\0001\000.\0001\000\040\000D\000e\000t\000a\000i\000l\000e\000d\000\040\000D\000e\000s\000c\000r\000i\000p\000t\000i\000o\000n}{section.20.1}% 33
\BOOKMARK [2][-]{subsection.20.1.2}{\376\377\0002\0000\000.\0001\000.\0002\000\040\000C\000o\000n\000s\000t\000r\000u\000c\000t\000o\000r\000\040\000\046\000\040\000D\000e\000s\000t\000r\000u\000c\000t\000o\000r\000\040\000D\000o\000c\000u\000m\000e\000n\000t\000a\000t\000i\000o\000n}{section.20.1}% 34
\BOOKMARK [3][-]{subsubsection.20.1.2.1}{\376\377\0002\0000\000.\0001\000.\0002\000.\0001\000\040\000B\000o\000o\000l\000V\000e\000c\000t\000o\000r\0003}{subsection.20.1.2}% 35
\BOOKMARK [3][-]{subsubsection.20.1.2.2}{\376\377\0002\0000\000.\0001\000.\0002\000.\0002\000\040\000B\000o\000o\000l\000V\000e\000c\000t\000o\000r\0003}{subsection.20.1.2}% 36
\BOOKMARK [3][-]{subsubsection.20.1.2.3}{\376\377\0002\0000\000.\0001\000.\0002\000.\0003\000\040\000B\000o\000o\000l\000V\000e\000c\000t\000o\000r\0003}{subsection.20.1.2}% 37
\BOOKMARK [2][-]{subsection.20.1.3}{\376\377\0002\0000\000.\0001\000.\0003\000\040\000P\000r\000o\000p\000e\000r\000t\000y\000\040\000D\000o\000c\000u\000m\000e\000n\000t\000a\000t\000i\000o\000n}{section.20.1}% 38
\BOOKMARK [3][-]{subsubsection.20.1.3.1}{\376\377\0002\0000\000.\0001\000.\0003\000.\0001\000\040\000F\000a\000l\000s\000e}{subsection.20.1.3}% 39
\BOOKMARK [3][-]{subsubsection.20.1.3.2}{\376\377\0002\0000\000.\0001\000.\0003\000.\0002\000\040\000t\000h\000i\000s\000[\000i\000n\000t\000\040\000i\000n\000d\000e\000x\000]}{subsection.20.1.3}% 40
\BOOKMARK [3][-]{subsubsection.20.1.3.3}{\376\377\0002\0000\000.\0001\000.\0003\000.\0003\000\040\000T\000r\000u\000e}{subsection.20.1.3}% 41
\BOOKMARK [3][-]{subsubsection.20.1.3.4}{\376\377\0002\0000\000.\0001\000.\0003\000.\0004\000\040\000x}{subsection.20.1.3}% 42
\BOOKMARK [3][-]{subsubsection.20.1.3.5}{\376\377\0002\0000\000.\0001\000.\0003\000.\0005\000\040\000y}{subsection.20.1.3}% 43
\BOOKMARK [3][-]{subsubsection.20.1.3.6}{\376\377\0002\0000\000.\0001\000.\0003\000.\0006\000\040\000z}{subsection.20.1.3}% 44
\BOOKMARK [1][-]{section.20.2}{\376\377\0002\0000\000.\0002\000\040\000G\000r\000i\000d\000F\000r\000a\000m\000e\000w\000o\000r\000k\000.\000V\000e\000c\000t\000o\000r\000s\000.\000C\000o\000l\000o\000r\000V\000e\000c\000t\000o\000r\0003\000\040\000C\000l\000a\000s\000s\000\040\000R\000e\000f\000e\000r\000e\000n\000c\000e}{chapter.20}% 45
\BOOKMARK [2][-]{subsection.20.2.1}{\376\377\0002\0000\000.\0002\000.\0001\000\040\000D\000e\000t\000a\000i\000l\000e\000d\000\040\000D\000e\000s\000c\000r\000i\000p\000t\000i\000o\000n}{section.20.2}% 46
\BOOKMARK [2][-]{subsection.20.2.2}{\376\377\0002\0000\000.\0002\000.\0002\000\040\000C\000o\000n\000s\000t\000r\000u\000c\000t\000o\000r\000\040\000\046\000\040\000D\000e\000s\000t\000r\000u\000c\000t\000o\000r\000\040\000D\000o\000c\000u\000m\000e\000n\000t\000a\000t\000i\000o\000n}{section.20.2}% 47
\BOOKMARK [3][-]{subsubsection.20.2.2.1}{\376\377\0002\0000\000.\0002\000.\0002\000.\0001\000\040\000C\000o\000l\000o\000r\000V\000e\000c\000t\000o\000r\0003}{subsection.20.2.2}% 48
\BOOKMARK [3][-]{subsubsection.20.2.2.2}{\376\377\0002\0000\000.\0002\000.\0002\000.\0002\000\040\000C\000o\000l\000o\000r\000V\000e\000c\000t\000o\000r\0003}{subsection.20.2.2}% 49
\BOOKMARK [2][-]{subsection.20.2.3}{\376\377\0002\0000\000.\0002\000.\0003\000\040\000P\000r\000o\000p\000e\000r\000t\000y\000\040\000D\000o\000c\000u\000m\000e\000n\000t\000a\000t\000i\000o\000n}{section.20.2}% 50
\BOOKMARK [3][-]{subsubsection.20.2.3.1}{\376\377\0002\0000\000.\0002\000.\0003\000.\0001\000\040\000B\000G\000W}{subsection.20.2.3}% 51
\BOOKMARK [3][-]{subsubsection.20.2.3.2}{\376\377\0002\0000\000.\0002\000.\0003\000.\0002\000\040\000C\000M\000Y}{subsection.20.2.3}% 52
\BOOKMARK [3][-]{subsubsection.20.2.3.3}{\376\377\0002\0000\000.\0002\000.\0003\000.\0003\000\040\000R\000G\000B}{subsection.20.2.3}% 53
\BOOKMARK [3][-]{subsubsection.20.2.3.4}{\376\377\0002\0000\000.\0002\000.\0003\000.\0004\000\040\000t\000h\000i\000s\000[\000i\000n\000t\000\040\000i\000n\000d\000e\000x\000]}{subsection.20.2.3}% 54
\BOOKMARK [3][-]{subsubsection.20.2.3.5}{\376\377\0002\0000\000.\0002\000.\0003\000.\0005\000\040\000x}{subsection.20.2.3}% 55
\BOOKMARK [3][-]{subsubsection.20.2.3.6}{\376\377\0002\0000\000.\0002\000.\0003\000.\0006\000\040\000y}{subsection.20.2.3}% 56
\BOOKMARK [3][-]{subsubsection.20.2.3.7}{\376\377\0002\0000\000.\0002\000.\0003\000.\0007\000\040\000z}{subsection.20.2.3}% 57
\BOOKMARK [1][-]{section.20.3}{\376\377\0002\0000\000.\0003\000\040\000G\000F\000G\000r\000i\000d\000\040\000C\000l\000a\000s\000s\000\040\000R\000e\000f\000e\000r\000e\000n\000c\000e}{chapter.20}% 58
\BOOKMARK [2][-]{subsection.20.3.1}{\376\377\0002\0000\000.\0003\000.\0001\000\040\000D\000e\000t\000a\000i\000l\000e\000d\000\040\000D\000e\000s\000c\000r\000i\000p\000t\000i\000o\000n}{section.20.3}% 59
\BOOKMARK [2][-]{subsection.20.3.2}{\376\377\0002\0000\000.\0003\000.\0002\000\040\000M\000e\000m\000b\000e\000r\000\040\000F\000u\000n\000c\000t\000i\000o\000n\000\040\000D\000o\000c\000u\000m\000e\000n\000t\000a\000t\000i\000o\000n}{section.20.3}% 60
\BOOKMARK [3][-]{subsubsection.20.3.2.1}{\376\377\0002\0000\000.\0003\000.\0002\000.\0001\000\040\000A\000l\000i\000g\000n\000T\000r\000a\000n\000s\000f\000o\000r\000m}{subsection.20.3.2}% 61
\BOOKMARK [3][-]{subsubsection.20.3.2.2}{\376\377\0002\0000\000.\0003\000.\0002\000.\0002\000\040\000A\000l\000i\000g\000n\000T\000r\000a\000n\000s\000f\000o\000r\000m}{subsection.20.3.2}% 62
\BOOKMARK [3][-]{subsubsection.20.3.2.3}{\376\377\0002\0000\000.\0003\000.\0002\000.\0003\000\040\000A\000l\000i\000g\000n\000T\000r\000a\000n\000s\000f\000o\000r\000m}{subsection.20.3.2}% 63
\BOOKMARK [3][-]{subsubsection.20.3.2.4}{\376\377\0002\0000\000.\0003\000.\0002\000.\0004\000\040\000A\000l\000i\000g\000n\000T\000r\000a\000n\000s\000f\000o\000r\000m}{subsection.20.3.2}% 64
\BOOKMARK [3][-]{subsubsection.20.3.2.5}{\376\377\0002\0000\000.\0003\000.\0002\000.\0005\000\040\000A\000l\000i\000g\000n\000V\000e\000c\000t\000o\000r\0003}{subsection.20.3.2}% 65
\BOOKMARK [3][-]{subsubsection.20.3.2.6}{\376\377\0002\0000\000.\0003\000.\0002\000.\0006\000\040\000A\000l\000i\000g\000n\000V\000e\000c\000t\000o\000r\0003}{subsection.20.3.2}% 66
\BOOKMARK [3][-]{subsubsection.20.3.2.7}{\376\377\0002\0000\000.\0003\000.\0002\000.\0007\000\040\000A\000l\000i\000g\000n\000V\000e\000c\000t\000o\000r\0003}{subsection.20.3.2}% 67
\BOOKMARK [3][-]{subsubsection.20.3.2.8}{\376\377\0002\0000\000.\0003\000.\0002\000.\0008\000\040\000A\000l\000i\000g\000n\000V\000e\000c\000t\000o\000r\0003}{subsection.20.3.2}% 68
\BOOKMARK [3][-]{subsubsection.20.3.2.9}{\376\377\0002\0000\000.\0003\000.\0002\000.\0009\000\040\000D\000r\000a\000w\000G\000r\000i\000d}{subsection.20.3.2}% 69
\BOOKMARK [3][-]{subsubsection.20.3.2.10}{\376\377\0002\0000\000.\0003\000.\0002\000.\0001\0000\000\040\000D\000r\000a\000w\000G\000r\000i\000d}{subsection.20.3.2}% 70
\BOOKMARK [3][-]{subsubsection.20.3.2.11}{\376\377\0002\0000\000.\0003\000.\0002\000.\0001\0001\000\040\000G\000e\000t\000V\000e\000c\000t\000r\000o\000s\000i\000t\000y\000P\000o\000i\000n\000t\000s}{subsection.20.3.2}% 71
\BOOKMARK [3][-]{subsubsection.20.3.2.12}{\376\377\0002\0000\000.\0003\000.\0002\000.\0001\0002\000\040\000G\000e\000t\000V\000e\000c\000t\000r\000o\000s\000i\000t\000y\000P\000o\000i\000n\000t\000s}{subsection.20.3.2}% 72
\BOOKMARK [3][-]{subsubsection.20.3.2.13}{\376\377\0002\0000\000.\0003\000.\0002\000.\0001\0003\000\040\000G\000e\000t\000V\000e\000c\000t\000r\000o\000s\000i\000t\000y\000P\000o\000i\000n\000t\000s\000S\000e\000p\000a\000r\000a\000t\000e}{subsection.20.3.2}% 73
\BOOKMARK [3][-]{subsubsection.20.3.2.14}{\376\377\0002\0000\000.\0003\000.\0002\000.\0001\0004\000\040\000G\000e\000t\000V\000e\000c\000t\000r\000o\000s\000i\000t\000y\000P\000o\000i\000n\000t\000s\000S\000e\000p\000a\000r\000a\000t\000e}{subsection.20.3.2}% 74
\BOOKMARK [3][-]{subsubsection.20.3.2.15}{\376\377\0002\0000\000.\0003\000.\0002\000.\0001\0005\000\040\000G\000r\000i\000d\000C\000h\000a\000n\000g\000e\000d\000D\000e\000l\000e\000g\000a\000t\000e}{subsection.20.3.2}% 75
\BOOKMARK [3][-]{subsubsection.20.3.2.16}{\376\377\0002\0000\000.\0003\000.\0002\000.\0001\0006\000\040\000G\000r\000i\000d\000T\000o\000W\000o\000r\000l\000d}{subsection.20.3.2}% 76
\BOOKMARK [3][-]{subsubsection.20.3.2.17}{\376\377\0002\0000\000.\0003\000.\0002\000.\0001\0007\000\040\000N\000e\000a\000r\000e\000s\000t\000B\000o\000x\000G}{subsection.20.3.2}% 77
\BOOKMARK [3][-]{subsubsection.20.3.2.18}{\376\377\0002\0000\000.\0003\000.\0002\000.\0001\0008\000\040\000N\000e\000a\000r\000e\000s\000t\000B\000o\000x\000W}{subsection.20.3.2}% 78
\BOOKMARK [3][-]{subsubsection.20.3.2.19}{\376\377\0002\0000\000.\0003\000.\0002\000.\0001\0009\000\040\000N\000e\000a\000r\000e\000s\000t\000B\000o\000x\000W}{subsection.20.3.2}% 79
\BOOKMARK [3][-]{subsubsection.20.3.2.20}{\376\377\0002\0000\000.\0003\000.\0002\000.\0002\0000\000\040\000N\000e\000a\000r\000e\000s\000t\000F\000a\000c\000e\000G}{subsection.20.3.2}% 80
\BOOKMARK [3][-]{subsubsection.20.3.2.21}{\376\377\0002\0000\000.\0003\000.\0002\000.\0002\0001\000\040\000N\000e\000a\000r\000e\000s\000t\000F\000a\000c\000e\000W}{subsection.20.3.2}% 81
\BOOKMARK [3][-]{subsubsection.20.3.2.22}{\376\377\0002\0000\000.\0003\000.\0002\000.\0002\0002\000\040\000N\000e\000a\000r\000e\000s\000t\000F\000a\000c\000e\000W}{subsection.20.3.2}% 82
\BOOKMARK [3][-]{subsubsection.20.3.2.23}{\376\377\0002\0000\000.\0003\000.\0002\000.\0002\0003\000\040\000N\000e\000a\000r\000e\000s\000t\000V\000e\000r\000t\000e\000x\000G}{subsection.20.3.2}% 83
\BOOKMARK [3][-]{subsubsection.20.3.2.24}{\376\377\0002\0000\000.\0003\000.\0002\000.\0002\0004\000\040\000N\000e\000a\000r\000e\000s\000t\000V\000e\000r\000t\000e\000x\000W}{subsection.20.3.2}% 84
\BOOKMARK [3][-]{subsubsection.20.3.2.25}{\376\377\0002\0000\000.\0003\000.\0002\000.\0002\0005\000\040\000N\000e\000a\000r\000e\000s\000t\000V\000e\000r\000t\000e\000x\000W}{subsection.20.3.2}% 85
\BOOKMARK [3][-]{subsubsection.20.3.2.26}{\376\377\0002\0000\000.\0003\000.\0002\000.\0002\0006\000\040\000R\000e\000n\000d\000e\000r\000G\000r\000i\000d}{subsection.20.3.2}% 86
\BOOKMARK [3][-]{subsubsection.20.3.2.27}{\376\377\0002\0000\000.\0003\000.\0002\000.\0002\0007\000\040\000R\000e\000n\000d\000e\000r\000G\000r\000i\000d}{subsection.20.3.2}% 87
\BOOKMARK [3][-]{subsubsection.20.3.2.28}{\376\377\0002\0000\000.\0003\000.\0002\000.\0002\0008\000\040\000R\000e\000n\000d\000e\000r\000G\000r\000i\000d}{subsection.20.3.2}% 88
\BOOKMARK [3][-]{subsubsection.20.3.2.29}{\376\377\0002\0000\000.\0003\000.\0002\000.\0002\0009\000\040\000S\000c\000a\000l\000e\000T\000r\000a\000n\000s\000f\000o\000r\000m}{subsection.20.3.2}% 89
\BOOKMARK [3][-]{subsubsection.20.3.2.30}{\376\377\0002\0000\000.\0003\000.\0002\000.\0003\0000\000\040\000S\000c\000a\000l\000e\000T\000r\000a\000n\000s\000f\000o\000r\000m}{subsection.20.3.2}% 90
\BOOKMARK [3][-]{subsubsection.20.3.2.31}{\376\377\0002\0000\000.\0003\000.\0002\000.\0003\0001\000\040\000S\000c\000a\000l\000e\000V\000e\000c\000t\000o\000r\0003}{subsection.20.3.2}% 91
\BOOKMARK [3][-]{subsubsection.20.3.2.32}{\376\377\0002\0000\000.\0003\000.\0002\000.\0003\0002\000\040\000S\000c\000a\000l\000e\000V\000e\000c\000t\000o\000r\0003}{subsection.20.3.2}% 92
\BOOKMARK [3][-]{subsubsection.20.3.2.33}{\376\377\0002\0000\000.\0003\000.\0002\000.\0003\0003\000\040\000W\000o\000r\000l\000d\000T\000o\000G\000r\000i\000d}{subsection.20.3.2}% 93
\BOOKMARK [2][-]{subsection.20.3.3}{\376\377\0002\0000\000.\0003\000.\0003\000\040\000M\000e\000m\000b\000e\000r\000\040\000D\000a\000t\000a\000\040\000D\000o\000c\000u\000m\000e\000n\000t\000a\000t\000i\000o\000n}{section.20.3}% 94
\BOOKMARK [3][-]{subsubsection.20.3.3.1}{\376\377\0002\0000\000.\0003\000.\0003\000.\0001\000\040\000a\000x\000i\000s\000C\000o\000l\000o\000r\000s}{subsection.20.3.3}% 95
\BOOKMARK [3][-]{subsubsection.20.3.3.2}{\376\377\0002\0000\000.\0003\000.\0003\000.\0002\000\040\000d\000r\000a\000w\000O\000r\000i\000g\000i\000n}{subsection.20.3.3}% 96
\BOOKMARK [3][-]{subsubsection.20.3.3.3}{\376\377\0002\0000\000.\0003\000.\0003\000.\0003\000\040\000h\000i\000d\000e\000A\000x\000i\000s}{subsection.20.3.3}% 97
\BOOKMARK [3][-]{subsubsection.20.3.3.4}{\376\377\0002\0000\000.\0003\000.\0003\000.\0004\000\040\000h\000i\000d\000e\000G\000r\000i\000d}{subsection.20.3.3}% 98
\BOOKMARK [3][-]{subsubsection.20.3.3.5}{\376\377\0002\0000\000.\0003\000.\0003\000.\0005\000\040\000h\000i\000d\000e\000O\000n\000P\000l\000a\000y}{subsection.20.3.3}% 99
\BOOKMARK [3][-]{subsubsection.20.3.3.6}{\376\377\0002\0000\000.\0003\000.\0003\000.\0006\000\040\000r\000e\000n\000d\000e\000r\000A\000x\000i\000s\000C\000o\000l\000o\000r\000s}{subsection.20.3.3}% 100
\BOOKMARK [3][-]{subsubsection.20.3.3.7}{\376\377\0002\0000\000.\0003\000.\0003\000.\0007\000\040\000r\000e\000n\000d\000e\000r\000G\000r\000i\000d}{subsection.20.3.3}% 101
\BOOKMARK [3][-]{subsubsection.20.3.3.8}{\376\377\0002\0000\000.\0003\000.\0003\000.\0008\000\040\000r\000e\000n\000d\000e\000r\000M\000a\000t\000e\000r\000i\000a\000l}{subsection.20.3.3}% 102
\BOOKMARK [3][-]{subsubsection.20.3.3.9}{\376\377\0002\0000\000.\0003\000.\0003\000.\0009\000\040\000u\000s\000e\000S\000e\000p\000a\000r\000a\000t\000e\000R\000e\000n\000d\000e\000r\000C\000o\000l\000o\000r}{subsection.20.3.3}% 103
\BOOKMARK [2][-]{subsection.20.3.4}{\376\377\0002\0000\000.\0003\000.\0004\000\040\000P\000r\000o\000p\000e\000r\000t\000y\000\040\000D\000o\000c\000u\000m\000e\000n\000t\000a\000t\000i\000o\000n}{section.20.3}% 104
\BOOKMARK [3][-]{subsubsection.20.3.4.1}{\376\377\0002\0000\000.\0003\000.\0004\000.\0001\000\040\000o\000r\000i\000g\000i\000n\000O\000f\000f\000s\000e\000t}{subsection.20.3.4}% 105
\BOOKMARK [3][-]{subsubsection.20.3.4.2}{\376\377\0002\0000\000.\0003\000.\0004\000.\0002\000\040\000r\000e\000l\000a\000t\000i\000v\000e\000S\000i\000z\000e}{subsection.20.3.4}% 106
\BOOKMARK [3][-]{subsubsection.20.3.4.3}{\376\377\0002\0000\000.\0003\000.\0004\000.\0003\000\040\000r\000e\000n\000d\000e\000r\000F\000r\000o\000m}{subsection.20.3.4}% 107
\BOOKMARK [3][-]{subsubsection.20.3.4.4}{\376\377\0002\0000\000.\0003\000.\0004\000.\0004\000\040\000r\000e\000n\000d\000e\000r\000L\000i\000n\000e\000W\000i\000d\000t\000h}{subsection.20.3.4}% 108
\BOOKMARK [3][-]{subsubsection.20.3.4.5}{\376\377\0002\0000\000.\0003\000.\0004\000.\0005\000\040\000r\000e\000n\000d\000e\000r\000T\000o}{subsection.20.3.4}% 109
\BOOKMARK [3][-]{subsubsection.20.3.4.6}{\376\377\0002\0000\000.\0003\000.\0004\000.\0006\000\040\000s\000i\000z\000e}{subsection.20.3.4}% 110
\BOOKMARK [3][-]{subsubsection.20.3.4.7}{\376\377\0002\0000\000.\0003\000.\0004\000.\0007\000\040\000u\000s\000e\000C\000u\000s\000t\000o\000m\000R\000e\000n\000d\000e\000r\000R\000a\000n\000g\000e}{subsection.20.3.4}% 111
\BOOKMARK [2][-]{subsection.20.3.5}{\376\377\0002\0000\000.\0003\000.\0005\000\040\000E\000v\000e\000n\000t\000\040\000D\000o\000c\000u\000m\000e\000n\000t\000a\000t\000i\000o\000n}{section.20.3}% 112
\BOOKMARK [3][-]{subsubsection.20.3.5.1}{\376\377\0002\0000\000.\0003\000.\0005\000.\0001\000\040\000G\000r\000i\000d\000C\000h\000a\000n\000g\000e\000d\000E\000v\000e\000n\000t}{subsection.20.3.5}% 113
\BOOKMARK [1][-]{section.20.4}{\376\377\0002\0000\000.\0004\000\040\000G\000F\000H\000e\000x\000G\000r\000i\000d\000\040\000C\000l\000a\000s\000s\000\040\000R\000e\000f\000e\000r\000e\000n\000c\000e}{chapter.20}% 114
\BOOKMARK [2][-]{subsection.20.4.1}{\376\377\0002\0000\000.\0004\000.\0001\000\040\000D\000e\000t\000a\000i\000l\000e\000d\000\040\000D\000e\000s\000c\000r\000i\000p\000t\000i\000o\000n}{section.20.4}% 115
\BOOKMARK [2][-]{subsection.20.4.2}{\376\377\0002\0000\000.\0004\000.\0002\000\040\000M\000e\000m\000b\000e\000r\000\040\000E\000n\000u\000m\000e\000r\000a\000t\000i\000o\000n\000\040\000D\000o\000c\000u\000m\000e\000n\000t\000a\000t\000i\000o\000n}{section.20.4}% 116
\BOOKMARK [3][-]{subsubsection.20.4.2.1}{\376\377\0002\0000\000.\0004\000.\0002\000.\0001\000\040\000H\000e\000x\000D\000i\000r\000e\000c\000t\000i\000o\000n}{subsection.20.4.2}% 117
\BOOKMARK [3][-]{subsubsection.20.4.2.2}{\376\377\0002\0000\000.\0004\000.\0002\000.\0002\000\040\000H\000e\000x\000G\000r\000i\000d\000S\000h\000a\000p\000e}{subsection.20.4.2}% 118
\BOOKMARK [3][-]{subsubsection.20.4.2.3}{\376\377\0002\0000\000.\0004\000.\0002\000.\0003\000\040\000H\000e\000x\000O\000r\000i\000e\000n\000t\000a\000t\000i\000o\000n}{subsection.20.4.2}% 119
\BOOKMARK [3][-]{subsubsection.20.4.2.4}{\376\377\0002\0000\000.\0004\000.\0002\000.\0004\000\040\000H\000e\000x\000T\000o\000p\000O\000r\000i\000e\000n\000t\000a\000t\000i\000o\000n}{subsection.20.4.2}% 120
\BOOKMARK [2][-]{subsection.20.4.3}{\376\377\0002\0000\000.\0004\000.\0003\000\040\000M\000e\000m\000b\000e\000r\000\040\000F\000u\000n\000c\000t\000i\000o\000n\000\040\000D\000o\000c\000u\000m\000e\000n\000t\000a\000t\000i\000o\000n}{section.20.4}% 121
\BOOKMARK [3][-]{subsubsection.20.4.3.1}{\376\377\0002\0000\000.\0004\000.\0003\000.\0001\000\040\000A\000l\000i\000g\000n\000V\000e\000c\000t\000o\000r\0003}{subsection.20.4.3}% 122
\BOOKMARK [3][-]{subsubsection.20.4.3.2}{\376\377\0002\0000\000.\0004\000.\0003\000.\0002\000\040\000C\000u\000b\000i\000c\000T\000o\000H\000e\000r\000r\000i\000n\000g\000U}{subsection.20.4.3}% 123
\BOOKMARK [3][-]{subsubsection.20.4.3.3}{\376\377\0002\0000\000.\0004\000.\0003\000.\0003\000\040\000C\000u\000b\000i\000c\000T\000o\000R\000h\000o\000m\000b\000i\000c}{subsection.20.4.3}% 124
\BOOKMARK [3][-]{subsubsection.20.4.3.4}{\376\377\0002\0000\000.\0004\000.\0003\000.\0004\000\040\000C\000u\000b\000i\000c\000T\000o\000R\000h\000o\000m\000b\000i\000c\000D}{subsection.20.4.3}% 125
\BOOKMARK [3][-]{subsubsection.20.4.3.5}{\376\377\0002\0000\000.\0004\000.\0003\000.\0005\000\040\000C\000u\000b\000i\000c\000T\000o\000W\000o\000r\000l\000d}{subsection.20.4.3}% 126
\BOOKMARK [3][-]{subsubsection.20.4.3.6}{\376\377\0002\0000\000.\0004\000.\0003\000.\0006\000\040\000G\000r\000i\000d\000T\000o\000W\000o\000r\000l\000d}{subsection.20.4.3}% 127
\BOOKMARK [3][-]{subsubsection.20.4.3.7}{\376\377\0002\0000\000.\0004\000.\0003\000.\0007\000\040\000H\000e\000r\000r\000i\000n\000g\000D\000T\000o\000C\000u\000b\000i\000c}{subsection.20.4.3}% 128
\BOOKMARK [3][-]{subsubsection.20.4.3.8}{\376\377\0002\0000\000.\0004\000.\0003\000.\0008\000\040\000H\000e\000r\000r\000i\000n\000g\000D\000T\000o\000H\000e\000r\000r\000i\000n\000g\000U}{subsection.20.4.3}% 129
\BOOKMARK [3][-]{subsubsection.20.4.3.9}{\376\377\0002\0000\000.\0004\000.\0003\000.\0009\000\040\000H\000e\000r\000r\000i\000n\000g\000D\000T\000o\000R\000h\000o\000m\000b\000i\000c}{subsection.20.4.3}% 130
\BOOKMARK [3][-]{subsubsection.20.4.3.10}{\376\377\0002\0000\000.\0004\000.\0003\000.\0001\0000\000\040\000H\000e\000r\000r\000i\000n\000g\000D\000T\000o\000R\000h\000o\000m\000b\000i\000c\000D}{subsection.20.4.3}% 131
\BOOKMARK [3][-]{subsubsection.20.4.3.11}{\376\377\0002\0000\000.\0004\000.\0003\000.\0001\0001\000\040\000H\000e\000r\000r\000i\000n\000g\000D\000T\000o\000W\000o\000r\000l\000d}{subsection.20.4.3}% 132
\BOOKMARK [3][-]{subsubsection.20.4.3.12}{\376\377\0002\0000\000.\0004\000.\0003\000.\0001\0002\000\040\000H\000e\000r\000r\000i\000n\000g\000U\000T\000o\000C\000u\000b\000i\000c}{subsection.20.4.3}% 133
\BOOKMARK [3][-]{subsubsection.20.4.3.13}{\376\377\0002\0000\000.\0004\000.\0003\000.\0001\0003\000\040\000H\000e\000r\000r\000i\000n\000g\000U\000T\000o\000H\000e\000r\000r\000i\000n\000g\000D}{subsection.20.4.3}% 134
\BOOKMARK [3][-]{subsubsection.20.4.3.14}{\376\377\0002\0000\000.\0004\000.\0003\000.\0001\0004\000\040\000H\000e\000r\000r\000i\000n\000g\000U\000T\000o\000R\000h\000o\000m\000b\000i\000c}{subsection.20.4.3}% 135
\BOOKMARK [3][-]{subsubsection.20.4.3.15}{\376\377\0002\0000\000.\0004\000.\0003\000.\0001\0005\000\040\000H\000e\000r\000r\000i\000n\000g\000U\000T\000o\000R\000h\000o\000m\000b\000i\000c\000D}{subsection.20.4.3}% 136
\BOOKMARK [3][-]{subsubsection.20.4.3.16}{\376\377\0002\0000\000.\0004\000.\0003\000.\0001\0006\000\040\000H\000e\000r\000r\000i\000n\000g\000U\000T\000o\000W\000o\000r\000l\000d}{subsection.20.4.3}% 137
\BOOKMARK [3][-]{subsubsection.20.4.3.17}{\376\377\0002\0000\000.\0004\000.\0003\000.\0001\0007\000\040\000N\000e\000a\000r\000e\000s\000t\000B\000o\000x\000C}{subsection.20.4.3}% 138
\BOOKMARK [3][-]{subsubsection.20.4.3.18}{\376\377\0002\0000\000.\0004\000.\0003\000.\0001\0008\000\040\000N\000e\000a\000r\000e\000s\000t\000B\000o\000x\000G}{subsection.20.4.3}% 139
\BOOKMARK [3][-]{subsubsection.20.4.3.19}{\376\377\0002\0000\000.\0004\000.\0003\000.\0001\0009\000\040\000N\000e\000a\000r\000e\000s\000t\000B\000o\000x\000H\000O}{subsection.20.4.3}% 140
\BOOKMARK [3][-]{subsubsection.20.4.3.20}{\376\377\0002\0000\000.\0004\000.\0003\000.\0002\0000\000\040\000N\000e\000a\000r\000e\000s\000t\000B\000o\000x\000R}{subsection.20.4.3}% 141
\BOOKMARK [3][-]{subsubsection.20.4.3.21}{\376\377\0002\0000\000.\0004\000.\0003\000.\0002\0001\000\040\000N\000e\000a\000r\000e\000s\000t\000B\000o\000x\000W}{subsection.20.4.3}% 142
\BOOKMARK [3][-]{subsubsection.20.4.3.22}{\376\377\0002\0000\000.\0004\000.\0003\000.\0002\0002\000\040\000N\000e\000a\000r\000e\000s\000t\000F\000a\000c\000e\000C}{subsection.20.4.3}% 143
\BOOKMARK [3][-]{subsubsection.20.4.3.23}{\376\377\0002\0000\000.\0004\000.\0003\000.\0002\0003\000\040\000N\000e\000a\000r\000e\000s\000t\000F\000a\000c\000e\000G}{subsection.20.4.3}% 144
\BOOKMARK [3][-]{subsubsection.20.4.3.24}{\376\377\0002\0000\000.\0004\000.\0003\000.\0002\0004\000\040\000N\000e\000a\000r\000e\000s\000t\000F\000a\000c\000e\000H\000O}{subsection.20.4.3}% 145
\BOOKMARK [3][-]{subsubsection.20.4.3.25}{\376\377\0002\0000\000.\0004\000.\0003\000.\0002\0005\000\040\000N\000e\000a\000r\000e\000s\000t\000F\000a\000c\000e\000R}{subsection.20.4.3}% 146
\BOOKMARK [3][-]{subsubsection.20.4.3.26}{\376\377\0002\0000\000.\0004\000.\0003\000.\0002\0006\000\040\000N\000e\000a\000r\000e\000s\000t\000F\000a\000c\000e\000W}{subsection.20.4.3}% 147
\BOOKMARK [3][-]{subsubsection.20.4.3.27}{\376\377\0002\0000\000.\0004\000.\0003\000.\0002\0007\000\040\000N\000e\000a\000r\000e\000s\000t\000V\000e\000r\000t\000e\000x\000C}{subsection.20.4.3}% 148
\BOOKMARK [3][-]{subsubsection.20.4.3.28}{\376\377\0002\0000\000.\0004\000.\0003\000.\0002\0008\000\040\000N\000e\000a\000r\000e\000s\000t\000V\000e\000r\000t\000e\000x\000G}{subsection.20.4.3}% 149
\BOOKMARK [3][-]{subsubsection.20.4.3.29}{\376\377\0002\0000\000.\0004\000.\0003\000.\0002\0009\000\040\000N\000e\000a\000r\000e\000s\000t\000V\000e\000r\000t\000e\000x\000H\000O}{subsection.20.4.3}% 150
\BOOKMARK [3][-]{subsubsection.20.4.3.30}{\376\377\0002\0000\000.\0004\000.\0003\000.\0003\0000\000\040\000N\000e\000a\000r\000e\000s\000t\000V\000e\000r\000t\000e\000x\000R}{subsection.20.4.3}% 151
\BOOKMARK [3][-]{subsubsection.20.4.3.31}{\376\377\0002\0000\000.\0004\000.\0003\000.\0003\0001\000\040\000N\000e\000a\000r\000e\000s\000t\000V\000e\000r\000t\000e\000x\000W}{subsection.20.4.3}% 152
\BOOKMARK [3][-]{subsubsection.20.4.3.32}{\376\377\0002\0000\000.\0004\000.\0003\000.\0003\0002\000\040\000R\000h\000o\000m\000b\000i\000c\000D\000T\000o\000C\000u\000b\000i\000c}{subsection.20.4.3}% 153
\BOOKMARK [3][-]{subsubsection.20.4.3.33}{\376\377\0002\0000\000.\0004\000.\0003\000.\0003\0003\000\040\000R\000h\000o\000m\000b\000i\000c\000D\000T\000o\000H\000e\000r\000r\000i\000n\000g\000D}{subsection.20.4.3}% 154
\BOOKMARK [3][-]{subsubsection.20.4.3.34}{\376\377\0002\0000\000.\0004\000.\0003\000.\0003\0004\000\040\000R\000h\000o\000m\000b\000i\000c\000D\000T\000o\000H\000e\000r\000r\000i\000n\000g\000U}{subsection.20.4.3}% 155
\BOOKMARK [3][-]{subsubsection.20.4.3.35}{\376\377\0002\0000\000.\0004\000.\0003\000.\0003\0005\000\040\000R\000h\000o\000m\000b\000i\000c\000D\000T\000o\000R\000h\000o\000m\000b\000i\000c}{subsection.20.4.3}% 156
\BOOKMARK [3][-]{subsubsection.20.4.3.36}{\376\377\0002\0000\000.\0004\000.\0003\000.\0003\0006\000\040\000R\000h\000o\000m\000b\000i\000c\000D\000T\000o\000W\000o\000r\000l\000d}{subsection.20.4.3}% 157
\BOOKMARK [3][-]{subsubsection.20.4.3.37}{\376\377\0002\0000\000.\0004\000.\0003\000.\0003\0007\000\040\000R\000h\000o\000m\000b\000i\000c\000T\000o\000C\000u\000b\000i\000c}{subsection.20.4.3}% 158
\BOOKMARK [3][-]{subsubsection.20.4.3.38}{\376\377\0002\0000\000.\0004\000.\0003\000.\0003\0008\000\040\000R\000h\000o\000m\000b\000i\000c\000T\000o\000H\000e\000r\000r\000i\000n\000g\000D}{subsection.20.4.3}% 159
\BOOKMARK [3][-]{subsubsection.20.4.3.39}{\376\377\0002\0000\000.\0004\000.\0003\000.\0003\0009\000\040\000R\000h\000o\000m\000b\000i\000c\000T\000o\000H\000e\000r\000r\000i\000n\000g\000U}{subsection.20.4.3}% 160
\BOOKMARK [3][-]{subsubsection.20.4.3.40}{\376\377\0002\0000\000.\0004\000.\0003\000.\0004\0000\000\040\000R\000h\000o\000m\000b\000i\000c\000T\000o\000R\000h\000o\000m\000b\000i\000c\000D}{subsection.20.4.3}% 161
\BOOKMARK [3][-]{subsubsection.20.4.3.41}{\376\377\0002\0000\000.\0004\000.\0003\000.\0004\0001\000\040\000R\000h\000o\000m\000b\000i\000c\000T\000o\000W\000o\000r\000l\000d}{subsection.20.4.3}% 162
\BOOKMARK [3][-]{subsubsection.20.4.3.42}{\376\377\0002\0000\000.\0004\000.\0003\000.\0004\0002\000\040\000S\000c\000a\000l\000e\000V\000e\000c\000t\000o\000r\0003}{subsection.20.4.3}% 163
\BOOKMARK [3][-]{subsubsection.20.4.3.43}{\376\377\0002\0000\000.\0004\000.\0003\000.\0004\0003\000\040\000W\000o\000r\000l\000d\000T\000o\000C\000u\000b\000i\000c}{subsection.20.4.3}% 164
\BOOKMARK [3][-]{subsubsection.20.4.3.44}{\376\377\0002\0000\000.\0004\000.\0003\000.\0004\0004\000\040\000W\000o\000r\000l\000d\000T\000o\000G\000r\000i\000d}{subsection.20.4.3}% 165
\BOOKMARK [3][-]{subsubsection.20.4.3.45}{\376\377\0002\0000\000.\0004\000.\0003\000.\0004\0005\000\040\000W\000o\000r\000l\000d\000T\000o\000H\000e\000r\000r\000i\000n\000g\000D}{subsection.20.4.3}% 166
\BOOKMARK [3][-]{subsubsection.20.4.3.46}{\376\377\0002\0000\000.\0004\000.\0003\000.\0004\0006\000\040\000W\000o\000r\000l\000d\000T\000o\000H\000e\000r\000r\000i\000n\000g\000U}{subsection.20.4.3}% 167
\BOOKMARK [3][-]{subsubsection.20.4.3.47}{\376\377\0002\0000\000.\0004\000.\0003\000.\0004\0007\000\040\000W\000o\000r\000l\000d\000T\000o\000R\000h\000o\000m\000b\000i\000c}{subsection.20.4.3}% 168
\BOOKMARK [3][-]{subsubsection.20.4.3.48}{\376\377\0002\0000\000.\0004\000.\0003\000.\0004\0008\000\040\000W\000o\000r\000l\000d\000T\000o\000R\000h\000o\000m\000b\000i\000c\000D}{subsection.20.4.3}% 169
\BOOKMARK [2][-]{subsection.20.4.4}{\376\377\0002\0000\000.\0004\000.\0004\000\040\000P\000r\000o\000p\000e\000r\000t\000y\000\040\000D\000o\000c\000u\000m\000e\000n\000t\000a\000t\000i\000o\000n}{section.20.4}% 170
\BOOKMARK [3][-]{subsubsection.20.4.4.1}{\376\377\0002\0000\000.\0004\000.\0004\000.\0001\000\040\000g\000r\000i\000d\000S\000t\000y\000l\000e}{subsection.20.4.4}% 171
\BOOKMARK [3][-]{subsubsection.20.4.4.2}{\376\377\0002\0000\000.\0004\000.\0004\000.\0002\000\040\000h\000e\000i\000g\000h\000t}{subsection.20.4.4}% 172
\BOOKMARK [3][-]{subsubsection.20.4.4.3}{\376\377\0002\0000\000.\0004\000.\0004\000.\0003\000\040\000h\000e\000x\000S\000i\000d\000e\000M\000o\000d\000e}{subsection.20.4.4}% 173
\BOOKMARK [3][-]{subsubsection.20.4.4.4}{\376\377\0002\0000\000.\0004\000.\0004\000.\0004\000\040\000h\000e\000x\000T\000o\000p\000M\000o\000d\000e}{subsection.20.4.4}% 174
\BOOKMARK [3][-]{subsubsection.20.4.4.5}{\376\377\0002\0000\000.\0004\000.\0004\000.\0005\000\040\000r\000a\000d\000i\000u\000s}{subsection.20.4.4}% 175
\BOOKMARK [3][-]{subsubsection.20.4.4.6}{\376\377\0002\0000\000.\0004\000.\0004\000.\0006\000\040\000s\000i\000d\000e}{subsection.20.4.4}% 176
\BOOKMARK [3][-]{subsubsection.20.4.4.7}{\376\377\0002\0000\000.\0004\000.\0004\000.\0007\000\040\000w\000i\000d\000t\000h}{subsection.20.4.4}% 177
\BOOKMARK [1][-]{section.20.5}{\376\377\0002\0000\000.\0005\000\040\000G\000F\000L\000a\000y\000e\000r\000e\000d\000G\000r\000i\000d\000\040\000C\000l\000a\000s\000s\000\040\000R\000e\000f\000e\000r\000e\000n\000c\000e}{chapter.20}% 178
\BOOKMARK [2][-]{subsection.20.5.1}{\376\377\0002\0000\000.\0005\000.\0001\000\040\000D\000e\000t\000a\000i\000l\000e\000d\000\040\000D\000e\000s\000c\000r\000i\000p\000t\000i\000o\000n}{section.20.5}% 179
\BOOKMARK [2][-]{subsection.20.5.2}{\376\377\0002\0000\000.\0005\000.\0002\000\040\000M\000e\000m\000b\000e\000r\000\040\000F\000u\000n\000c\000t\000i\000o\000n\000\040\000D\000o\000c\000u\000m\000e\000n\000t\000a\000t\000i\000o\000n}{section.20.5}% 180
\BOOKMARK [3][-]{subsubsection.20.5.2.1}{\376\377\0002\0000\000.\0005\000.\0002\000.\0001\000\040\000N\000e\000a\000r\000e\000s\000t\000F\000a\000c\000e\000G}{subsection.20.5.2}% 181
\BOOKMARK [3][-]{subsubsection.20.5.2.2}{\376\377\0002\0000\000.\0005\000.\0002\000.\0002\000\040\000N\000e\000a\000r\000e\000s\000t\000F\000a\000c\000e\000W}{subsection.20.5.2}% 182
\BOOKMARK [2][-]{subsection.20.5.3}{\376\377\0002\0000\000.\0005\000.\0003\000\040\000P\000r\000o\000p\000e\000r\000t\000y\000\040\000D\000o\000c\000u\000m\000e\000n\000t\000a\000t\000i\000o\000n}{section.20.5}% 183
\BOOKMARK [3][-]{subsubsection.20.5.3.1}{\376\377\0002\0000\000.\0005\000.\0003\000.\0001\000\040\000d\000e\000p\000t\000h}{subsection.20.5.3}% 184
\BOOKMARK [3][-]{subsubsection.20.5.3.2}{\376\377\0002\0000\000.\0005\000.\0003\000.\0002\000\040\000g\000r\000i\000d\000P\000l\000a\000n\000e}{subsection.20.5.3}% 185
\BOOKMARK [1][-]{section.20.6}{\376\377\0002\0000\000.\0006\000\040\000G\000F\000P\000o\000l\000a\000r\000G\000r\000i\000d\000\040\000C\000l\000a\000s\000s\000\040\000R\000e\000f\000e\000r\000e\000n\000c\000e}{chapter.20}% 186
\BOOKMARK [2][-]{subsection.20.6.1}{\376\377\0002\0000\000.\0006\000.\0001\000\040\000D\000e\000t\000a\000i\000l\000e\000d\000\040\000D\000e\000s\000c\000r\000i\000p\000t\000i\000o\000n}{section.20.6}% 187
\BOOKMARK [2][-]{subsection.20.6.2}{\376\377\0002\0000\000.\0006\000.\0002\000\040\000M\000e\000m\000b\000e\000r\000\040\000F\000u\000n\000c\000t\000i\000o\000n\000\040\000D\000o\000c\000u\000m\000e\000n\000t\000a\000t\000i\000o\000n}{section.20.6}% 188
\BOOKMARK [3][-]{subsubsection.20.6.2.1}{\376\377\0002\0000\000.\0006\000.\0002\000.\0001\000\040\000A\000l\000i\000g\000n\000R\000o\000t\000a\000t\000e\000T\000r\000a\000n\000s\000f\000o\000r\000m}{subsection.20.6.2}% 189
\BOOKMARK [3][-]{subsubsection.20.6.2.2}{\376\377\0002\0000\000.\0006\000.\0002\000.\0002\000\040\000A\000l\000i\000g\000n\000R\000o\000t\000a\000t\000e\000T\000r\000a\000n\000s\000f\000o\000r\000m}{subsection.20.6.2}% 190
\BOOKMARK [3][-]{subsubsection.20.6.2.3}{\376\377\0002\0000\000.\0006\000.\0002\000.\0003\000\040\000A\000l\000i\000g\000n\000V\000e\000c\000t\000o\000r\0003}{subsection.20.6.2}% 191
\BOOKMARK [3][-]{subsubsection.20.6.2.4}{\376\377\0002\0000\000.\0006\000.\0002\000.\0004\000\040\000A\000n\000g\000l\000e\0002\000R\000o\000t\000a\000t\000i\000o\000n}{subsection.20.6.2}% 192
\BOOKMARK [3][-]{subsubsection.20.6.2.5}{\376\377\0002\0000\000.\0006\000.\0002\000.\0005\000\040\000A\000n\000g\000l\000e\0002\000S\000e\000c\000t\000o\000r}{subsection.20.6.2}% 193
\BOOKMARK [3][-]{subsubsection.20.6.2.6}{\376\377\0002\0000\000.\0006\000.\0002\000.\0006\000\040\000G\000r\000i\000d\000T\000o\000P\000o\000l\000a\000r}{subsection.20.6.2}% 194
\BOOKMARK [3][-]{subsubsection.20.6.2.7}{\376\377\0002\0000\000.\0006\000.\0002\000.\0007\000\040\000G\000r\000i\000d\000T\000o\000W\000o\000r\000l\000d}{subsection.20.6.2}% 195
\BOOKMARK [3][-]{subsubsection.20.6.2.8}{\376\377\0002\0000\000.\0006\000.\0002\000.\0008\000\040\000N\000e\000a\000r\000e\000s\000t\000B\000o\000x\000G}{subsection.20.6.2}% 196
\BOOKMARK [3][-]{subsubsection.20.6.2.9}{\376\377\0002\0000\000.\0006\000.\0002\000.\0009\000\040\000N\000e\000a\000r\000e\000s\000t\000B\000o\000x\000P}{subsection.20.6.2}% 197
\BOOKMARK [3][-]{subsubsection.20.6.2.10}{\376\377\0002\0000\000.\0006\000.\0002\000.\0001\0000\000\040\000N\000e\000a\000r\000e\000s\000t\000B\000o\000x\000W}{subsection.20.6.2}% 198
\BOOKMARK [3][-]{subsubsection.20.6.2.11}{\376\377\0002\0000\000.\0006\000.\0002\000.\0001\0001\000\040\000N\000e\000a\000r\000e\000s\000t\000F\000a\000c\000e\000G}{subsection.20.6.2}% 199
\BOOKMARK [3][-]{subsubsection.20.6.2.12}{\376\377\0002\0000\000.\0006\000.\0002\000.\0001\0002\000\040\000N\000e\000a\000r\000e\000s\000t\000F\000a\000c\000e\000P}{subsection.20.6.2}% 200
\BOOKMARK [3][-]{subsubsection.20.6.2.13}{\376\377\0002\0000\000.\0006\000.\0002\000.\0001\0003\000\040\000N\000e\000a\000r\000e\000s\000t\000F\000a\000c\000e\000W}{subsection.20.6.2}% 201
\BOOKMARK [3][-]{subsubsection.20.6.2.14}{\376\377\0002\0000\000.\0006\000.\0002\000.\0001\0004\000\040\000N\000e\000a\000r\000e\000s\000t\000V\000e\000r\000t\000e\000x\000G}{subsection.20.6.2}% 202
\BOOKMARK [3][-]{subsubsection.20.6.2.15}{\376\377\0002\0000\000.\0006\000.\0002\000.\0001\0005\000\040\000N\000e\000a\000r\000e\000s\000t\000V\000e\000r\000t\000e\000x\000P}{subsection.20.6.2}% 203
\BOOKMARK [3][-]{subsubsection.20.6.2.16}{\376\377\0002\0000\000.\0006\000.\0002\000.\0001\0006\000\040\000N\000e\000a\000r\000e\000s\000t\000V\000e\000r\000t\000e\000x\000W}{subsection.20.6.2}% 204
\BOOKMARK [3][-]{subsubsection.20.6.2.17}{\376\377\0002\0000\000.\0006\000.\0002\000.\0001\0007\000\040\000P\000o\000l\000a\000r\000T\000o\000G\000r\000i\000d}{subsection.20.6.2}% 205
\BOOKMARK [3][-]{subsubsection.20.6.2.18}{\376\377\0002\0000\000.\0006\000.\0002\000.\0001\0008\000\040\000P\000o\000l\000a\000r\000T\000o\000W\000o\000r\000l\000d}{subsection.20.6.2}% 206
\BOOKMARK [3][-]{subsubsection.20.6.2.19}{\376\377\0002\0000\000.\0006\000.\0002\000.\0001\0009\000\040\000R\000e\000n\000d\000e\000r\000G\000r\000i\000d}{subsection.20.6.2}% 207
\BOOKMARK [3][-]{subsubsection.20.6.2.20}{\376\377\0002\0000\000.\0006\000.\0002\000.\0002\0000\000\040\000S\000c\000a\000l\000e\000V\000e\000c\000t\000o\000r\0003}{subsection.20.6.2}% 208
\BOOKMARK [3][-]{subsubsection.20.6.2.21}{\376\377\0002\0000\000.\0006\000.\0002\000.\0002\0001\000\040\000S\000e\000c\000t\000o\000r\0002\000A\000n\000g\000l\000e}{subsection.20.6.2}% 209
\BOOKMARK [3][-]{subsubsection.20.6.2.22}{\376\377\0002\0000\000.\0006\000.\0002\000.\0002\0002\000\040\000S\000e\000c\000t\000o\000r\0002\000R\000o\000t\000a\000t\000i\000o\000n}{subsection.20.6.2}% 210
\BOOKMARK [3][-]{subsubsection.20.6.2.23}{\376\377\0002\0000\000.\0006\000.\0002\000.\0002\0003\000\040\000W\000o\000r\000l\000d\0002\000A\000n\000g\000l\000e}{subsection.20.6.2}% 211
\BOOKMARK [3][-]{subsubsection.20.6.2.24}{\376\377\0002\0000\000.\0006\000.\0002\000.\0002\0004\000\040\000W\000o\000r\000l\000d\0002\000R\000a\000d\000i\000u\000s}{subsection.20.6.2}% 212
\BOOKMARK [3][-]{subsubsection.20.6.2.25}{\376\377\0002\0000\000.\0006\000.\0002\000.\0002\0005\000\040\000W\000o\000r\000l\000d\0002\000R\000o\000t\000a\000t\000i\000o\000n}{subsection.20.6.2}% 213
\BOOKMARK [3][-]{subsubsection.20.6.2.26}{\376\377\0002\0000\000.\0006\000.\0002\000.\0002\0006\000\040\000W\000o\000r\000l\000d\0002\000S\000e\000c\000t\000o\000r}{subsection.20.6.2}% 214
\BOOKMARK [3][-]{subsubsection.20.6.2.27}{\376\377\0002\0000\000.\0006\000.\0002\000.\0002\0007\000\040\000W\000o\000r\000l\000d\000T\000o\000G\000r\000i\000d}{subsection.20.6.2}% 215
\BOOKMARK [3][-]{subsubsection.20.6.2.28}{\376\377\0002\0000\000.\0006\000.\0002\000.\0002\0008\000\040\000W\000o\000r\000l\000d\000T\000o\000P\000o\000l\000a\000r}{subsection.20.6.2}% 216
\BOOKMARK [2][-]{subsection.20.6.3}{\376\377\0002\0000\000.\0006\000.\0003\000\040\000P\000r\000o\000p\000e\000r\000t\000y\000\040\000D\000o\000c\000u\000m\000e\000n\000t\000a\000t\000i\000o\000n}{section.20.6}% 217
\BOOKMARK [3][-]{subsubsection.20.6.3.1}{\376\377\0002\0000\000.\0006\000.\0003\000.\0001\000\040\000a\000n\000g\000l\000e}{subsection.20.6.3}% 218
\BOOKMARK [3][-]{subsubsection.20.6.3.2}{\376\377\0002\0000\000.\0006\000.\0003\000.\0002\000\040\000a\000n\000g\000l\000e\000D\000e\000g}{subsection.20.6.3}% 219
\BOOKMARK [3][-]{subsubsection.20.6.3.3}{\376\377\0002\0000\000.\0006\000.\0003\000.\0003\000\040\000r\000a\000d\000i\000u\000s}{subsection.20.6.3}% 220
\BOOKMARK [3][-]{subsubsection.20.6.3.4}{\376\377\0002\0000\000.\0006\000.\0003\000.\0004\000\040\000r\000e\000n\000d\000e\000r\000F\000r\000o\000m}{subsection.20.6.3}% 221
\BOOKMARK [3][-]{subsubsection.20.6.3.5}{\376\377\0002\0000\000.\0006\000.\0003\000.\0005\000\040\000r\000e\000n\000d\000e\000r\000T\000o}{subsection.20.6.3}% 222
\BOOKMARK [3][-]{subsubsection.20.6.3.6}{\376\377\0002\0000\000.\0006\000.\0003\000.\0006\000\040\000s\000e\000c\000t\000o\000r\000s}{subsection.20.6.3}% 223
\BOOKMARK [3][-]{subsubsection.20.6.3.7}{\376\377\0002\0000\000.\0006\000.\0003\000.\0007\000\040\000s\000i\000z\000e}{subsection.20.6.3}% 224
\BOOKMARK [3][-]{subsubsection.20.6.3.8}{\376\377\0002\0000\000.\0006\000.\0003\000.\0008\000\040\000s\000m\000o\000o\000t\000h\000n\000e\000s\000s}{subsection.20.6.3}% 225
\BOOKMARK [1][-]{section.20.7}{\376\377\0002\0000\000.\0007\000\040\000G\000F\000R\000e\000c\000t\000G\000r\000i\000d\000\040\000C\000l\000a\000s\000s\000\040\000R\000e\000f\000e\000r\000e\000n\000c\000e}{chapter.20}% 226
\BOOKMARK [2][-]{subsection.20.7.1}{\376\377\0002\0000\000.\0007\000.\0001\000\040\000D\000e\000t\000a\000i\000l\000e\000d\000\040\000D\000e\000s\000c\000r\000i\000p\000t\000i\000o\000n}{section.20.7}% 227
\BOOKMARK [2][-]{subsection.20.7.2}{\376\377\0002\0000\000.\0007\000.\0002\000\040\000M\000e\000m\000b\000e\000r\000\040\000F\000u\000n\000c\000t\000i\000o\000n\000\040\000D\000o\000c\000u\000m\000e\000n\000t\000a\000t\000i\000o\000n}{section.20.7}% 228
\BOOKMARK [3][-]{subsubsection.20.7.2.1}{\376\377\0002\0000\000.\0007\000.\0002\000.\0001\000\040\000A\000l\000i\000g\000n\000V\000e\000c\000t\000o\000r\0003}{subsection.20.7.2}% 229
\BOOKMARK [3][-]{subsubsection.20.7.2.2}{\376\377\0002\0000\000.\0007\000.\0002\000.\0002\000\040\000G\000r\000i\000d\000T\000o\000W\000o\000r\000l\000d}{subsection.20.7.2}% 230
\BOOKMARK [3][-]{subsubsection.20.7.2.3}{\376\377\0002\0000\000.\0007\000.\0002\000.\0003\000\040\000N\000e\000a\000r\000e\000s\000t\000B\000o\000x\000G}{subsection.20.7.2}% 231
\BOOKMARK [3][-]{subsubsection.20.7.2.4}{\376\377\0002\0000\000.\0007\000.\0002\000.\0004\000\040\000N\000e\000a\000r\000e\000s\000t\000B\000o\000x\000W}{subsection.20.7.2}% 232
\BOOKMARK [3][-]{subsubsection.20.7.2.5}{\376\377\0002\0000\000.\0007\000.\0002\000.\0005\000\040\000N\000e\000a\000r\000e\000s\000t\000F\000a\000c\000e\000G}{subsection.20.7.2}% 233
\BOOKMARK [3][-]{subsubsection.20.7.2.6}{\376\377\0002\0000\000.\0007\000.\0002\000.\0006\000\040\000N\000e\000a\000r\000e\000s\000t\000F\000a\000c\000e\000W}{subsection.20.7.2}% 234
\BOOKMARK [3][-]{subsubsection.20.7.2.7}{\376\377\0002\0000\000.\0007\000.\0002\000.\0007\000\040\000N\000e\000a\000r\000e\000s\000t\000V\000e\000r\000t\000e\000x\000G}{subsection.20.7.2}% 235
\BOOKMARK [3][-]{subsubsection.20.7.2.8}{\376\377\0002\0000\000.\0007\000.\0002\000.\0008\000\040\000N\000e\000a\000r\000e\000s\000t\000V\000e\000r\000t\000e\000x\000W}{subsection.20.7.2}% 236
\BOOKMARK [3][-]{subsubsection.20.7.2.9}{\376\377\0002\0000\000.\0007\000.\0002\000.\0009\000\040\000S\000c\000a\000l\000e\000V\000e\000c\000t\000o\000r\0003}{subsection.20.7.2}% 237
\BOOKMARK [3][-]{subsubsection.20.7.2.10}{\376\377\0002\0000\000.\0007\000.\0002\000.\0001\0000\000\040\000W\000o\000r\000l\000d\000T\000o\000G\000r\000i\000d}{subsection.20.7.2}% 238
\BOOKMARK [2][-]{subsection.20.7.3}{\376\377\0002\0000\000.\0007\000.\0003\000\040\000P\000r\000o\000p\000e\000r\000t\000y\000\040\000D\000o\000c\000u\000m\000e\000n\000t\000a\000t\000i\000o\000n}{section.20.7}% 239
\BOOKMARK [3][-]{subsubsection.20.7.3.1}{\376\377\0002\0000\000.\0007\000.\0003\000.\0001\000\040\000f\000o\000r\000w\000a\000r\000d}{subsection.20.7.3}% 240
\BOOKMARK [3][-]{subsubsection.20.7.3.2}{\376\377\0002\0000\000.\0007\000.\0003\000.\0002\000\040\000r\000i\000g\000h\000t}{subsection.20.7.3}% 241
\BOOKMARK [3][-]{subsubsection.20.7.3.3}{\376\377\0002\0000\000.\0007\000.\0003\000.\0003\000\040\000s\000h\000e\000a\000r\000i\000n\000g}{subsection.20.7.3}% 242
\BOOKMARK [3][-]{subsubsection.20.7.3.4}{\376\377\0002\0000\000.\0007\000.\0003\000.\0004\000\040\000s\000p\000a\000c\000i\000n\000g}{subsection.20.7.3}% 243
\BOOKMARK [3][-]{subsubsection.20.7.3.5}{\376\377\0002\0000\000.\0007\000.\0003\000.\0005\000\040\000u\000p}{subsection.20.7.3}% 244
\BOOKMARK [1][-]{section.20.8}{\376\377\0002\0000\000.\0008\000\040\000G\000r\000i\000d\000F\000r\000a\000m\000e\000w\000o\000r\000k\000.\000V\000e\000c\000t\000o\000r\000s\000.\000V\000e\000c\000t\000o\000r\0006\000\040\000C\000l\000a\000s\000s\000\040\000R\000e\000f\000e\000r\000e\000n\000c\000e}{chapter.20}% 245
\BOOKMARK [2][-]{subsection.20.8.1}{\376\377\0002\0000\000.\0008\000.\0001\000\040\000D\000e\000t\000a\000i\000l\000e\000d\000\040\000D\000e\000s\000c\000r\000i\000p\000t\000i\000o\000n}{section.20.8}% 246
\BOOKMARK [2][-]{subsection.20.8.2}{\376\377\0002\0000\000.\0008\000.\0002\000\040\000C\000o\000n\000s\000t\000r\000u\000c\000t\000o\000r\000\040\000\046\000\040\000D\000e\000s\000t\000r\000u\000c\000t\000o\000r\000\040\000D\000o\000c\000u\000m\000e\000n\000t\000a\000t\000i\000o\000n}{section.20.8}% 247
\BOOKMARK [3][-]{subsubsection.20.8.2.1}{\376\377\0002\0000\000.\0008\000.\0002\000.\0001\000\040\000V\000e\000c\000t\000o\000r\0006}{subsection.20.8.2}% 248
\BOOKMARK [3][-]{subsubsection.20.8.2.2}{\376\377\0002\0000\000.\0008\000.\0002\000.\0002\000\040\000V\000e\000c\000t\000o\000r\0006}{subsection.20.8.2}% 249
\BOOKMARK [3][-]{subsubsection.20.8.2.3}{\376\377\0002\0000\000.\0008\000.\0002\000.\0003\000\040\000V\000e\000c\000t\000o\000r\0006}{subsection.20.8.2}% 250
\BOOKMARK [3][-]{subsubsection.20.8.2.4}{\376\377\0002\0000\000.\0008\000.\0002\000.\0004\000\040\000V\000e\000c\000t\000o\000r\0006}{subsection.20.8.2}% 251
\BOOKMARK [2][-]{subsection.20.8.3}{\376\377\0002\0000\000.\0008\000.\0003\000\040\000M\000e\000m\000b\000e\000r\000\040\000F\000u\000n\000c\000t\000i\000o\000n\000\040\000D\000o\000c\000u\000m\000e\000n\000t\000a\000t\000i\000o\000n}{section.20.8}% 252
\BOOKMARK [3][-]{subsubsection.20.8.3.1}{\376\377\0002\0000\000.\0008\000.\0003\000.\0001\000\040\000A\000d\000d}{subsection.20.8.3}% 253
\BOOKMARK [3][-]{subsubsection.20.8.3.2}{\376\377\0002\0000\000.\0008\000.\0003\000.\0002\000\040\000A\000d\000d}{subsection.20.8.3}% 254
\BOOKMARK [3][-]{subsubsection.20.8.3.3}{\376\377\0002\0000\000.\0008\000.\0003\000.\0003\000\040\000L\000e\000r\000p}{subsection.20.8.3}% 255
\BOOKMARK [3][-]{subsubsection.20.8.3.4}{\376\377\0002\0000\000.\0008\000.\0003\000.\0004\000\040\000L\000e\000r\000p}{subsection.20.8.3}% 256
\BOOKMARK [3][-]{subsubsection.20.8.3.5}{\376\377\0002\0000\000.\0008\000.\0003\000.\0005\000\040\000M\000a\000x}{subsection.20.8.3}% 257
\BOOKMARK [3][-]{subsubsection.20.8.3.6}{\376\377\0002\0000\000.\0008\000.\0003\000.\0006\000\040\000M\000a\000x}{subsection.20.8.3}% 258
\BOOKMARK [3][-]{subsubsection.20.8.3.7}{\376\377\0002\0000\000.\0008\000.\0003\000.\0007\000\040\000M\000i\000n}{subsection.20.8.3}% 259
\BOOKMARK [3][-]{subsubsection.20.8.3.8}{\376\377\0002\0000\000.\0008\000.\0003\000.\0008\000\040\000M\000i\000n}{subsection.20.8.3}% 260
\BOOKMARK [3][-]{subsubsection.20.8.3.9}{\376\377\0002\0000\000.\0008\000.\0003\000.\0009\000\040\000N\000e\000g\000a\000t\000e}{subsection.20.8.3}% 261
\BOOKMARK [3][-]{subsubsection.20.8.3.10}{\376\377\0002\0000\000.\0008\000.\0003\000.\0001\0000\000\040\000N\000e\000g\000a\000t\000e}{subsection.20.8.3}% 262
\BOOKMARK [3][-]{subsubsection.20.8.3.11}{\376\377\0002\0000\000.\0008\000.\0003\000.\0001\0001\000\040\000o\000p\000e\000r\000a\000t\000o\000r}{subsection.20.8.3}% 263
\BOOKMARK [3][-]{subsubsection.20.8.3.12}{\376\377\0002\0000\000.\0008\000.\0003\000.\0001\0002\000\040\000o\000p\000e\000r\000a\000t\000o\000r}{subsection.20.8.3}% 264
\BOOKMARK [3][-]{subsubsection.20.8.3.13}{\376\377\0002\0000\000.\0008\000.\0003\000.\0001\0003\000\040\000o\000p\000e\000r\000a\000t\000o\000r\000+}{subsection.20.8.3}% 265
\BOOKMARK [3][-]{subsubsection.20.8.3.14}{\376\377\0002\0000\000.\0008\000.\0003\000.\0001\0004\000\040\000o\000p\000e\000r\000a\000t\000o\000r\000-}{subsection.20.8.3}% 266
\BOOKMARK [3][-]{subsubsection.20.8.3.15}{\376\377\0002\0000\000.\0008\000.\0003\000.\0001\0005\000\040\000o\000p\000e\000r\000a\000t\000o\000r\000-}{subsection.20.8.3}% 267
\BOOKMARK [3][-]{subsubsection.20.8.3.16}{\376\377\0002\0000\000.\0008\000.\0003\000.\0001\0006\000\040\000o\000p\000e\000r\000a\000t\000o\000r\000/}{subsection.20.8.3}% 268
\BOOKMARK [3][-]{subsubsection.20.8.3.17}{\376\377\0002\0000\000.\0008\000.\0003\000.\0001\0007\000\040\000S\000c\000a\000l\000e}{subsection.20.8.3}% 269
\BOOKMARK [3][-]{subsubsection.20.8.3.18}{\376\377\0002\0000\000.\0008\000.\0003\000.\0001\0008\000\040\000S\000c\000a\000l\000e}{subsection.20.8.3}% 270
\BOOKMARK [3][-]{subsubsection.20.8.3.19}{\376\377\0002\0000\000.\0008\000.\0003\000.\0001\0009\000\040\000S\000c\000a\000l\000e}{subsection.20.8.3}% 271
\BOOKMARK [3][-]{subsubsection.20.8.3.20}{\376\377\0002\0000\000.\0008\000.\0003\000.\0002\0000\000\040\000S\000c\000a\000l\000e}{subsection.20.8.3}% 272
\BOOKMARK [3][-]{subsubsection.20.8.3.21}{\376\377\0002\0000\000.\0008\000.\0003\000.\0002\0001\000\040\000S\000e\000t}{subsection.20.8.3}% 273
\BOOKMARK [3][-]{subsubsection.20.8.3.22}{\376\377\0002\0000\000.\0008\000.\0003\000.\0002\0002\000\040\000S\000e\000t}{subsection.20.8.3}% 274
\BOOKMARK [3][-]{subsubsection.20.8.3.23}{\376\377\0002\0000\000.\0008\000.\0003\000.\0002\0003\000\040\000S\000e\000t}{subsection.20.8.3}% 275
\BOOKMARK [3][-]{subsubsection.20.8.3.24}{\376\377\0002\0000\000.\0008\000.\0003\000.\0002\0004\000\040\000S\000e\000t}{subsection.20.8.3}% 276
\BOOKMARK [3][-]{subsubsection.20.8.3.25}{\376\377\0002\0000\000.\0008\000.\0003\000.\0002\0005\000\040\000S\000e\000t}{subsection.20.8.3}% 277
\BOOKMARK [3][-]{subsubsection.20.8.3.26}{\376\377\0002\0000\000.\0008\000.\0003\000.\0002\0006\000\040\000S\000e\000t}{subsection.20.8.3}% 278
\BOOKMARK [3][-]{subsubsection.20.8.3.27}{\376\377\0002\0000\000.\0008\000.\0003\000.\0002\0007\000\040\000S\000u\000b\000t\000r\000a\000c\000t}{subsection.20.8.3}% 279
\BOOKMARK [3][-]{subsubsection.20.8.3.28}{\376\377\0002\0000\000.\0008\000.\0003\000.\0002\0008\000\040\000S\000u\000b\000t\000r\000a\000c\000t}{subsection.20.8.3}% 280
\BOOKMARK [2][-]{subsection.20.8.4}{\376\377\0002\0000\000.\0008\000.\0004\000\040\000P\000r\000o\000p\000e\000r\000t\000y\000\040\000D\000o\000c\000u\000m\000e\000n\000t\000a\000t\000i\000o\000n}{section.20.8}% 281
\BOOKMARK [3][-]{subsubsection.20.8.4.1}{\376\377\0002\0000\000.\0008\000.\0004\000.\0001\000\040\000t\000h\000i\000s\000[\000i\000n\000t\000\040\000i\000n\000d\000e\000x\000]}{subsection.20.8.4}% 282
\BOOKMARK [3][-]{subsubsection.20.8.4.2}{\376\377\0002\0000\000.\0008\000.\0004\000.\0002\000\040\000x}{subsection.20.8.4}% 283
\BOOKMARK [3][-]{subsubsection.20.8.4.3}{\376\377\0002\0000\000.\0008\000.\0004\000.\0003\000\040\000x\000y}{subsection.20.8.4}% 284
\BOOKMARK [3][-]{subsubsection.20.8.4.4}{\376\377\0002\0000\000.\0008\000.\0004\000.\0004\000\040\000x\000z}{subsection.20.8.4}% 285
\BOOKMARK [3][-]{subsubsection.20.8.4.5}{\376\377\0002\0000\000.\0008\000.\0004\000.\0005\000\040\000y}{subsection.20.8.4}% 286
\BOOKMARK [3][-]{subsubsection.20.8.4.6}{\376\377\0002\0000\000.\0008\000.\0004\000.\0006\000\040\000y\000x}{subsection.20.8.4}% 287
\BOOKMARK [3][-]{subsubsection.20.8.4.7}{\376\377\0002\0000\000.\0008\000.\0004\000.\0007\000\040\000y\000z}{subsection.20.8.4}% 288
\BOOKMARK [3][-]{subsubsection.20.8.4.8}{\376\377\0002\0000\000.\0008\000.\0004\000.\0008\000\040\000z}{subsection.20.8.4}% 289
\BOOKMARK [3][-]{subsubsection.20.8.4.9}{\376\377\0002\0000\000.\0008\000.\0004\000.\0009\000\040\000z\000e\000r\000o}{subsection.20.8.4}% 290
\BOOKMARK [3][-]{subsubsection.20.8.4.10}{\376\377\0002\0000\000.\0008\000.\0004\000.\0001\0000\000\040\000z\000x}{subsection.20.8.4}% 291
\BOOKMARK [3][-]{subsubsection.20.8.4.11}{\376\377\0002\0000\000.\0008\000.\0004\000.\0001\0001\000\040\000z\000y}{subsection.20.8.4}% 292
